[debug] [2024-04-25T20:00:44.314Z] ----------------------------------------------------------------------
[debug] [2024-04-25T20:00:44.318Z] Command:       C:\Program Files\nodejs\node.exe C:\Program Files\nodejs\node_modules\firebase-tools\lib\bin\firebase.js init
[debug] [2024-04-25T20:00:44.320Z] CLI Version:   13.7.5
[debug] [2024-04-25T20:00:44.320Z] Platform:      win32
[debug] [2024-04-25T20:00:44.320Z] Node Version:  v21.7.2
[debug] [2024-04-25T20:00:44.320Z] Time:          Thu Apr 25 2024 17:00:44 GMT-0300 (Horário Padrão de Brasília)
[debug] [2024-04-25T20:00:44.321Z] ----------------------------------------------------------------------
[debug] 
[debug] [2024-04-25T20:00:44.410Z] > command requires scopes: ["email","openid","https://www.googleapis.com/auth/cloudplatformprojects.readonly","https://www.googleapis.com/auth/firebase","https://www.googleapis.com/auth/cloud-platform"]
[debug] [2024-04-25T20:00:44.411Z] > authorizing via signed-in user (rayan.lima@shopdelivery.com.br)
[info] 
     ######## #### ########  ######## ########     ###     ######  ########
     ##        ##  ##     ## ##       ##     ##  ##   ##  ##       ##
     ######    ##  ########  ######   ########  #########  ######  ######
     ##        ##  ##    ##  ##       ##     ## ##     ##       ## ##
     ##       #### ##     ## ######## ########  ##     ##  ######  ########

You're about to initialize a Firebase project in this directory:

  C:\Users\Admin\Desktop\outros projetos\kanban-board

Before we get started, keep in mind:

  * You are initializing within an existing Firebase project directory

